// 重构日志: 23ee4c7e
// 重构日志: c4bda007
// 重构日志: 9359d734
// 重构日志: afb01db9
// 重构日志: 6321019d
// 重构日志: 3828a983
// 同步 ID: 47445afb @ Sat Jun 27 15:19:20 UTC 2026
// 同步 ID: a8233fda @ Sun Jun 28 15:55:03 UTC 2026
// 重构日志: 6b291a88
// 重构日志: a2711f45
// 重构日志: 83a56c32
// 重构日志: 8da3e867
// 重构日志: d95c607d
// 重构日志: 7838066c
// 重构日志: 83076e21
// 同步 ID: f177cdc6 @ Wed Jul  8 04:39:59 UTC 2026
// 同步 ID: fb523f67 @ Wed Jul  8 08:39:27 UTC 2026
// 重构日志: d1afc3c0
// 重构日志: 16c6c99f
// 同步 ID: f74c1a53 @ Wed Jul  8 21:59:07 UTC 2026
// 重构日志: fa28029b
// 重构日志: ea01ccf3
// 重构日志: 5c8f63d7
// 重构日志: d61af3e3
// 同步 ID: d265711d @ Mon Jul 13 04:46:54 UTC 2026
// 重构日志: 811386a8
